<?xml version="1.0" ?>
<!DOCTYPE coverage SYSTEM "http://cobertura.sourceforge.net/xml/coverage-04.dtd">
<coverage lines-valid="142" lines-covered="134" line-rate="0.9436" branches-valid="40" branches-covered="35" branch-rate="0.875" timestamp="1673934512881" complexity="0" version="0.1">
  <sources>
    <source>/Users/fernacri/Developer/Git/models</source>
  </sources>
  <packages>
    <package name="models" line-rate="0.9411" branch-rate="0.5">
      <classes>
        <class name="config.js" filename="config.js" line-rate="1" branch-rate="0.5">
          <methods>
            <method name="(anonymous_0)" hits="5" signature="()V">
              <lines>
                <line number="29" hits="5"/>
              </lines>
            </method>
          </methods>
          <lines>
            <line number="1" hits="1" branch="false"/>
            <line number="2" hits="1" branch="false"/>
            <line number="3" hits="1" branch="false"/>
            <line number="5" hits="1" branch="false"/>
            <line number="29" hits="1" branch="false"/>
            <line number="30" hits="5" branch="true" condition-coverage="50% (1/2)"/>
            <line number="31" hits="5" branch="false"/>
            <line number="34" hits="1" branch="false"/>
            <line number="36" hits="1" branch="false"/>
            <line number="44" hits="1" branch="false"/>
            <line number="46" hits="1" branch="true" condition-coverage="50% (1/2)"/>
            <line number="47" hits="1" branch="false"/>
            <line number="49" hits="1" branch="false"/>
            <line number="60" hits="1" branch="false"/>
          </lines>
        </class>
        <class name="scoring.js" filename="scoring.js" line-rate="0.9" branch-rate="0.5">
          <methods>
            <method name="(anonymous_0)" hits="1" signature="()V">
              <lines>
                <line number="11" hits="1"/>
              </lines>
            </method>
            <method name="(anonymous_1)" hits="1" signature="()V">
              <lines>
                <line number="13" hits="1"/>
              </lines>
            </method>
            <method name="(anonymous_2)" hits="1" signature="()V">
              <lines>
                <line number="21" hits="1"/>
              </lines>
            </method>
            <method name="(anonymous_3)" hits="0" signature="()V">
              <lines>
                <line number="27" hits="0"/>
              </lines>
            </method>
          </methods>
          <lines>
            <line number="1" hits="1" branch="false"/>
            <line number="2" hits="1" branch="false"/>
            <line number="3" hits="1" branch="false"/>
            <line number="4" hits="1" branch="false"/>
            <line number="7" hits="1" branch="false"/>
            <line number="9" hits="1" branch="false"/>
            <line number="11" hits="1" branch="false"/>
            <line number="12" hits="1" branch="false"/>
            <line number="13" hits="1" branch="false"/>
            <line number="14" hits="1" branch="false"/>
            <line number="15" hits="1" branch="false"/>
            <line number="19" hits="1" branch="false"/>
            <line number="21" hits="1" branch="false"/>
            <line number="22" hits="1" branch="true" condition-coverage="50% (1/2)"/>
            <line number="23" hits="1" branch="false"/>
            <line number="24" hits="1" branch="false"/>
            <line number="27" hits="1" branch="false"/>
            <line number="28" hits="0" branch="false"/>
            <line number="29" hits="0" branch="false"/>
            <line number="33" hits="1" branch="false"/>
          </lines>
        </class>
      </classes>
    </package>
    <package name="models.scoring_modules" line-rate="0.9444" branch-rate="0.9411">
      <classes>
        <class name="individuals.js" filename="scoring_modules/individuals.js" line-rate="0.983" branch-rate="0.9666">
          <methods>
            <method name="(anonymous_0)" hits="2" signature="()V">
              <lines>
                <line number="4" hits="2"/>
              </lines>
            </method>
            <method name="(anonymous_1)" hits="1074" signature="()V">
              <lines>
                <line number="8" hits="1074"/>
              </lines>
            </method>
            <method name="(anonymous_2)" hits="6" signature="()V">
              <lines>
                <line number="26" hits="6"/>
              </lines>
            </method>
            <method name="(anonymous_3)" hits="2146" signature="()V">
              <lines>
                <line number="39" hits="2146"/>
              </lines>
            </method>
            <method name="(anonymous_4)" hits="2153" signature="()V">
              <lines>
                <line number="40" hits="2153"/>
              </lines>
            </method>
          </methods>
          <lines>
            <line number="1" hits="1" branch="false"/>
            <line number="2" hits="1" branch="false"/>
            <line number="4" hits="1" branch="false"/>
            <line number="6" hits="2" branch="false"/>
            <line number="8" hits="1074" branch="false"/>
            <line number="10" hits="2" branch="true" condition-coverage="100% (2/2)"/>
            <line number="11" hits="1" branch="false"/>
            <line number="12" hits="1" branch="false"/>
            <line number="13" hits="1" branch="false"/>
            <line number="15" hits="1" branch="false"/>
            <line number="20" hits="1" branch="false"/>
            <line number="26" hits="1" branch="false"/>
            <line number="28" hits="6" branch="false"/>
            <line number="29" hits="6" branch="false"/>
            <line number="30" hits="6" branch="false"/>
            <line number="32" hits="6" branch="true" condition-coverage="100% (4/4)"/>
            <line number="33" hits="5" branch="false"/>
            <line number="35" hits="1" branch="false"/>
            <line number="37" hits="6" branch="true" condition-coverage="100% (2/2)"/>
            <line number="38" hits="2" branch="false"/>
            <line number="39" hits="2" branch="false"/>
            <line number="40" hits="2153" branch="true" condition-coverage="100% (2/2)"/>
            <line number="43" hits="4" branch="false"/>
            <line number="45" hits="6" branch="true" condition-coverage="100% (2/2)"/>
            <line number="46" hits="1" branch="false"/>
            <line number="47" hits="1" branch="false"/>
            <line number="50" hits="5" branch="true" condition-coverage="100% (2/2)"/>
            <line number="51" hits="1" branch="false"/>
            <line number="53" hits="5" branch="true" condition-coverage="100% (2/2)"/>
            <line number="54" hits="4" branch="false"/>
            <line number="56" hits="1" branch="false"/>
            <line number="58" hits="5" branch="false"/>
            <line number="59" hits="5" branch="true" condition-coverage="100% (2/2)"/>
            <line number="61" hits="5" branch="false"/>
            <line number="62" hits="111" branch="false"/>
            <line number="63" hits="111" branch="false"/>
            <line number="66" hits="5" branch="true" condition-coverage="100% (2/2)"/>
            <line number="68" hits="4" branch="false"/>
            <line number="69" hits="4" branch="true" condition-coverage="100% (2/2)"/>
            <line number="70" hits="3" branch="false"/>
            <line number="72" hits="4" branch="false"/>
            <line number="73" hits="4" branch="false"/>
            <line number="75" hits="4" branch="true" condition-coverage="100% (2/2)"/>
            <line number="76" hits="1" branch="false"/>
            <line number="77" hits="1" branch="false"/>
            <line number="80" hits="4" branch="true" condition-coverage="100% (2/2)"/>
            <line number="81" hits="1" branch="false"/>
            <line number="82" hits="1" branch="false"/>
            <line number="85" hits="4" branch="false"/>
            <line number="92" hits="4" branch="true" condition-coverage="50% (1/2)"/>
            <line number="93" hits="0" branch="false"/>
            <line number="95" hits="4" branch="true" condition-coverage="100% (2/2)"/>
            <line number="96" hits="3" branch="false"/>
            <line number="98" hits="4" branch="false"/>
            <line number="99" hits="4" branch="false"/>
            <line number="102" hits="1" branch="false"/>
            <line number="103" hits="1" branch="false"/>
            <line number="108" hits="6" branch="false"/>
            <line number="137" hits="1" branch="false"/>
          </lines>
        </class>
        <class name="serializer.js" filename="scoring_modules/serializer.js" line-rate="0.8979" branch-rate="0.75">
          <methods>
            <method name="readIndividuals" hits="1" signature="()V">
              <lines>
                <line number="10" hits="1"/>
              </lines>
            </method>
            <method name="(anonymous_1)" hits="1073" signature="()V">
              <lines>
                <line number="16" hits="1073"/>
              </lines>
            </method>
            <method name="(anonymous_2)" hits="1" signature="()V">
              <lines>
                <line number="19" hits="1"/>
              </lines>
            </method>
            <method name="(anonymous_3)" hits="1073" signature="()V">
              <lines>
                <line number="27" hits="1073"/>
              </lines>
            </method>
            <method name="(anonymous_4)" hits="9240" signature="()V">
              <lines>
                <line number="52" hits="9240"/>
              </lines>
            </method>
            <method name="(anonymous_5)" hits="1073" signature="()V">
              <lines>
                <line number="68" hits="1073"/>
              </lines>
            </method>
            <method name="watchOnce" hits="1" signature="()V">
              <lines>
                <line number="93" hits="1"/>
              </lines>
            </method>
            <method name="(anonymous_7)" hits="0" signature="()V">
              <lines>
                <line number="95" hits="0"/>
              </lines>
            </method>
          </methods>
          <lines>
            <line number="1" hits="1" branch="false"/>
            <line number="3" hits="1" branch="false"/>
            <line number="4" hits="1" branch="false"/>
            <line number="5" hits="1" branch="false"/>
            <line number="7" hits="1" branch="false"/>
            <line number="12" hits="1" branch="false"/>
            <line number="14" hits="1" branch="false"/>
            <line number="17" hits="1073" branch="false"/>
            <line number="20" hits="1" branch="true" condition-coverage="50% (1/2)"/>
            <line number="21" hits="0" branch="false"/>
            <line number="22" hits="0" branch="false"/>
            <line number="24" hits="1" branch="false"/>
            <line number="25" hits="1" branch="false"/>
            <line number="27" hits="1" branch="false"/>
            <line number="29" hits="1073" branch="false"/>
            <line number="30" hits="1073" branch="false"/>
            <line number="32" hits="1073" branch="false"/>
            <line number="34" hits="1073" branch="false"/>
            <line number="41" hits="1073" branch="false"/>
            <line number="43" hits="1073" branch="false"/>
            <line number="46" hits="1073" branch="false"/>
            <line number="48" hits="1073" branch="false"/>
            <line number="52" hits="9240" branch="false"/>
            <line number="53" hits="1" branch="false"/>
            <line number="54" hits="1" branch="false"/>
            <line number="55" hits="1" branch="false"/>
            <line number="56" hits="10" branch="false"/>
            <line number="57" hits="10" branch="false"/>
            <line number="60" hits="1" branch="false"/>
            <line number="64" hits="1" branch="false"/>
            <line number="65" hits="1" branch="false"/>
            <line number="66" hits="1" branch="false"/>
            <line number="68" hits="1" branch="false"/>
            <line number="69" hits="1073" branch="false"/>
            <line number="70" hits="1073" branch="false"/>
            <line number="71" hits="1073" branch="false"/>
            <line number="72" hits="1073" branch="false"/>
            <line number="73" hits="1073" branch="false"/>
            <line number="74" hits="10730" branch="true" condition-coverage="100% (2/2)"/>
            <line number="75" hits="5972" branch="false"/>
            <line number="80" hits="1" branch="false"/>
            <line number="82" hits="1" branch="false"/>
            <line number="84" hits="1" branch="false"/>
            <line number="95" hits="1" branch="false"/>
            <line number="96" hits="0" branch="false"/>
            <line number="99" hits="0" branch="false"/>
            <line number="102" hits="0" branch="false"/>
            <line number="107" hits="1" branch="false"/>
            <line number="109" hits="1" branch="false"/>
          </lines>
        </class>
      </classes>
    </package>
  </packages>
</coverage>
