TN:
SF:config.js
FN:29,(anonymous_0)
FNF:1
FNH:1
FNDA:5,(anonymous_0)
DA:1,1
DA:2,1
DA:3,1
DA:5,1
DA:29,1
DA:30,5
DA:31,5
DA:34,1
DA:36,1
DA:44,1
DA:46,1
DA:47,1
DA:49,1
DA:60,1
LF:14
LH:14
BRDA:30,0,0,0
BRDA:30,0,1,5
BRDA:46,1,0,1
BRDA:46,1,1,0
BRF:4
BRH:2
end_of_record
TN:
SF:scoring.js
FN:11,(anonymous_0)
FN:13,(anonymous_1)
FN:21,(anonymous_2)
FN:27,(anonymous_3)
FNF:4
FNH:3
FNDA:1,(anonymous_0)
FNDA:1,(anonymous_1)
FNDA:1,(anonymous_2)
FNDA:0,(anonymous_3)
DA:1,1
DA:2,1
DA:3,1
DA:4,1
DA:7,1
DA:9,1
DA:11,1
DA:12,1
DA:13,1
DA:14,1
DA:15,1
DA:19,1
DA:21,1
DA:22,1
DA:23,1
DA:24,1
DA:27,1
DA:28,0
DA:29,0
DA:33,1
LF:20
LH:18
BRDA:22,0,0,1
BRDA:22,0,1,0
BRF:2
BRH:1
end_of_record
TN:
SF:scoring_modules/individuals.js
FN:4,(anonymous_0)
FN:8,(anonymous_1)
FN:26,(anonymous_2)
FN:39,(anonymous_3)
FN:40,(anonymous_4)
FNF:5
FNH:5
FNDA:2,(anonymous_0)
FNDA:1074,(anonymous_1)
FNDA:6,(anonymous_2)
FNDA:2146,(anonymous_3)
FNDA:2153,(anonymous_4)
DA:1,1
DA:2,1
DA:4,1
DA:6,2
DA:8,1074
DA:10,2
DA:11,1
DA:12,1
DA:13,1
DA:15,1
DA:20,1
DA:26,1
DA:28,6
DA:29,6
DA:30,6
DA:32,6
DA:33,5
DA:35,1
DA:37,6
DA:38,2
DA:39,2
DA:40,2153
DA:43,4
DA:45,6
DA:46,1
DA:47,1
DA:50,5
DA:51,1
DA:53,5
DA:54,4
DA:56,1
DA:58,5
DA:59,5
DA:61,5
DA:62,111
DA:63,111
DA:66,5
DA:68,4
DA:69,4
DA:70,3
DA:72,4
DA:73,4
DA:75,4
DA:76,1
DA:77,1
DA:80,4
DA:81,1
DA:82,1
DA:85,4
DA:92,4
DA:93,0
DA:95,4
DA:96,3
DA:98,4
DA:99,4
DA:102,1
DA:103,1
DA:108,6
DA:137,1
LF:59
LH:58
BRDA:10,0,0,1
BRDA:10,0,1,1
BRDA:32,1,0,5
BRDA:32,1,1,1
BRDA:32,2,0,6
BRDA:32,2,1,1
BRDA:37,3,0,2
BRDA:37,3,1,4
BRDA:40,4,0,1
BRDA:40,4,1,2145
BRDA:45,5,0,1
BRDA:45,5,1,5
BRDA:50,6,0,1
BRDA:50,6,1,4
BRDA:53,7,0,4
BRDA:53,7,1,1
BRDA:59,8,0,1
BRDA:59,8,1,4
BRDA:66,9,0,4
BRDA:66,9,1,1
BRDA:69,10,0,3
BRDA:69,10,1,1
BRDA:75,11,0,1
BRDA:75,11,1,3
BRDA:80,12,0,1
BRDA:80,12,1,3
BRDA:92,13,0,0
BRDA:92,13,1,4
BRDA:95,14,0,3
BRDA:95,14,1,1
BRF:30
BRH:29
end_of_record
TN:
SF:scoring_modules/serializer.js
FN:10,readIndividuals
FN:16,(anonymous_1)
FN:19,(anonymous_2)
FN:27,(anonymous_3)
FN:52,(anonymous_4)
FN:68,(anonymous_5)
FN:93,watchOnce
FN:95,(anonymous_7)
FNF:8
FNH:7
FNDA:1,readIndividuals
FNDA:1073,(anonymous_1)
FNDA:1,(anonymous_2)
FNDA:1073,(anonymous_3)
FNDA:9240,(anonymous_4)
FNDA:1073,(anonymous_5)
FNDA:1,watchOnce
FNDA:0,(anonymous_7)
DA:1,1
DA:3,1
DA:4,1
DA:5,1
DA:7,1
DA:12,1
DA:14,1
DA:17,1073
DA:20,1
DA:21,0
DA:22,0
DA:24,1
DA:25,1
DA:27,1
DA:29,1073
DA:30,1073
DA:32,1073
DA:34,1073
DA:41,1073
DA:43,1073
DA:46,1073
DA:48,1073
DA:52,9240
DA:53,1
DA:54,1
DA:55,1
DA:56,10
DA:57,10
DA:60,1
DA:64,1
DA:65,1
DA:66,1
DA:68,1
DA:69,1073
DA:70,1073
DA:71,1073
DA:72,1073
DA:73,1073
DA:74,10730
DA:75,5972
DA:80,1
DA:82,1
DA:84,1
DA:95,1
DA:96,0
DA:99,0
DA:102,0
DA:107,1
DA:109,1
LF:49
LH:44
BRDA:20,0,0,0
BRDA:20,0,1,1
BRDA:74,1,0,5972
BRDA:74,1,1,4758
BRF:4
BRH:3
end_of_record
